<?xml version="1.0" encoding="UTF-8"?>
<!-- Generated by org.testng.reporters.JUnitXMLReporter -->
<testsuite hostname="INHD0883" ignored="12" name="Command line test" tests="11" failures="1" timestamp="09 Aug 2017 10:53:11 GMT" time="88.345" errors="0">
  <testcase name="@BeforeMethod launchbrowser" time="0.0" classname="core.Launchbrowser">
    <failure type="org.openqa.selenium.NoSuchWindowException" message="no such window: target window already closed
from unknown error: web view not found
  (Session info: chrome=59.0.3071.115)
  (Driver info: chromedriver=2.31.488763 (092de99f48a300323ecf8c2a4e2e7cab51de5ba8),platform=Windows NT 6.1.7601 SP1 x86_64) (WARNING: The server did not provide any stacktrace information)
Command duration or timeout: 10 milliseconds
Build info: version: &amp;apos;3.4.0&amp;apos;, revision: &amp;apos;unknown&amp;apos;, time: &amp;apos;unknown&amp;apos;
System info: host: &amp;apos;INHD0883&amp;apos;, ip: &amp;apos;192.168.131.120&amp;apos;, os.name: &amp;apos;Windows 7&amp;apos;, os.arch: &amp;apos;amd64&amp;apos;, os.version: &amp;apos;6.1&amp;apos;, java.version: &amp;apos;1.8.0_131&amp;apos;
Driver info: org.openqa.selenium.chrome.ChromeDriver
Capabilities [{applicationCacheEnabled=false, rotatable=false, mobileEmulationEnabled=false, networkConnectionEnabled=false, chrome={chromedriverVersion=2.31.488763 (092de99f48a300323ecf8c2a4e2e7cab51de5ba8), userDataDir=C:\Users\BHOOPE~1\AppData\Local\Temp\scoped_dir27380_30290}, takesHeapSnapshot=true, pageLoadStrategy=normal, databaseEnabled=false, handlesAlerts=true, hasTouchScreen=false, version=59.0.3071.115, platform=XP, browserConnectionEnabled=false, nativeEvents=true, acceptSslCerts=true, locationContextEnabled=true, webStorageEnabled=true, browserName=chrome, takesScreenshot=true, javascriptEnabled=true, cssSelectorsEnabled=true, setWindowRect=true, unexpectedAlertBehaviour=}]
Session ID: 419d55a77e63356254bdb98d3eaa0ff3">
      <![CDATA[org.openqa.selenium.NoSuchWindowException: no such window: target window already closed
from unknown error: web view not found
  (Session info: chrome=59.0.3071.115)
  (Driver info: chromedriver=2.31.488763 (092de99f48a300323ecf8c2a4e2e7cab51de5ba8),platform=Windows NT 6.1.7601 SP1 x86_64) (WARNING: The server did not provide any stacktrace information)
Command duration or timeout: 10 milliseconds
Build info: version: '3.4.0', revision: 'unknown', time: 'unknown'
System info: host: 'INHD0883', ip: '192.168.131.120', os.name: 'Windows 7', os.arch: 'amd64', os.version: '6.1', java.version: '1.8.0_131'
Driver info: org.openqa.selenium.chrome.ChromeDriver
Capabilities [{applicationCacheEnabled=false, rotatable=false, mobileEmulationEnabled=false, networkConnectionEnabled=false, chrome={chromedriverVersion=2.31.488763 (092de99f48a300323ecf8c2a4e2e7cab51de5ba8), userDataDir=C:\Users\BHOOPE~1\AppData\Local\Temp\scoped_dir27380_30290}, takesHeapSnapshot=true, pageLoadStrategy=normal, databaseEnabled=false, handlesAlerts=true, hasTouchScreen=false, version=59.0.3071.115, platform=XP, browserConnectionEnabled=false, nativeEvents=true, acceptSslCerts=true, locationContextEnabled=true, webStorageEnabled=true, browserName=chrome, takesScreenshot=true, javascriptEnabled=true, cssSelectorsEnabled=true, setWindowRect=true, unexpectedAlertBehaviour=}]
Session ID: 419d55a77e63356254bdb98d3eaa0ff3
	at org.openqa.selenium.remote.ErrorHandler.createThrowable(ErrorHandler.java:215)
	at org.openqa.selenium.remote.ErrorHandler.throwIfResponseFailed(ErrorHandler.java:167)
	at org.openqa.selenium.remote.RemoteWebDriver.execute(RemoteWebDriver.java:671)
	at org.openqa.selenium.remote.RemoteWebDriver.get(RemoteWebDriver.java:364)
	at org.emdcs.partsordering.pageobject.LoginEmdcs.openEMDCS(LoginEmdcs.java:37)
	at org.emdcs.partsordering.module.LoginEmdcsModule.Loginuser(LoginEmdcsModule.java:17)
	at core.Launchbrowser.launchbrowser(Launchbrowser.java:67)
	at com.sun.proxy.$Proxy0.invoke(Unknown Source)
... Removed 40 stack frames]]>
    </failure>
  </testcase> <!-- @BeforeMethod launchbrowser -->
  <testcase name="@AfterMethod closebrowser" time="0.0" classname="core.Launchbrowser">
    <skipped/>
  </testcase> <!-- @AfterMethod closebrowser -->
  <testcase name="@BeforeMethod launchbrowser" time="0.0" classname="core.Launchbrowser">
    <skipped/>
  </testcase> <!-- @BeforeMethod launchbrowser -->
  <testcase name="@AfterMethod closebrowser" time="0.0" classname="core.Launchbrowser">
    <skipped/>
  </testcase> <!-- @AfterMethod closebrowser -->
  <testcase name="@BeforeMethod launchbrowser" time="0.0" classname="core.Launchbrowser">
    <skipped/>
  </testcase> <!-- @BeforeMethod launchbrowser -->
  <testcase name="@AfterMethod closebrowser" time="0.0" classname="core.Launchbrowser">
    <skipped/>
  </testcase> <!-- @AfterMethod closebrowser -->
  <testcase name="@BeforeMethod launchbrowser" time="0.0" classname="core.Launchbrowser">
    <skipped/>
  </testcase> <!-- @BeforeMethod launchbrowser -->
  <testcase name="@AfterMethod closebrowser" time="0.0" classname="core.Launchbrowser">
    <skipped/>
  </testcase> <!-- @AfterMethod closebrowser -->
  <testcase name="@BeforeMethod launchbrowser" time="0.0" classname="core.Launchbrowser">
    <skipped/>
  </testcase> <!-- @BeforeMethod launchbrowser -->
  <testcase name="@AfterMethod closebrowser" time="0.0" classname="core.Launchbrowser">
    <skipped/>
  </testcase> <!-- @AfterMethod closebrowser -->
  <testcase name="@BeforeMethod launchbrowser" time="0.0" classname="core.Launchbrowser">
    <skipped/>
  </testcase> <!-- @BeforeMethod launchbrowser -->
  <testcase name="@AfterMethod closebrowser" time="0.0" classname="core.Launchbrowser">
    <skipped/>
  </testcase> <!-- @AfterMethod closebrowser -->
  <testcase name="@BeforeMethod launchbrowser" time="0.0" classname="core.Launchbrowser">
    <skipped/>
  </testcase> <!-- @BeforeMethod launchbrowser -->
  <testcase name="@AfterMethod closebrowser" time="0.0" classname="core.Launchbrowser">
    <skipped/>
  </testcase> <!-- @AfterMethod closebrowser -->
  <testcase name="@BeforeMethod launchbrowser" time="0.0" classname="core.Launchbrowser">
    <skipped/>
  </testcase> <!-- @BeforeMethod launchbrowser -->
  <testcase name="@AfterMethod closebrowser" time="0.0" classname="core.Launchbrowser">
    <skipped/>
  </testcase> <!-- @AfterMethod closebrowser -->
  <testcase name="@BeforeMethod launchbrowser" time="0.0" classname="core.Launchbrowser">
    <skipped/>
  </testcase> <!-- @BeforeMethod launchbrowser -->
  <testcase name="@AfterMethod closebrowser" time="0.0" classname="core.Launchbrowser">
    <skipped/>
  </testcase> <!-- @AfterMethod closebrowser -->
  <testcase name="@AfterTest exitbrowser" time="0.0" classname="core.Launchbrowser">
    <skipped/>
  </testcase> <!-- @AfterTest exitbrowser -->
  <testcase name="Verify_MazdaSpecialRestrictedPartsOrderin" time="13.753" classname="org.emdcs.test.partsordering.MazdaSpecialRestrictedPartsOrderinTest">
    <failure type="org.openqa.selenium.NoSuchElementException" message="no such element: Unable to locate element: {&amp;quot;method&amp;quot;:&amp;quot;id&amp;quot;,&amp;quot;selector&amp;quot;:&amp;quot;recallNo&amp;quot;}
  (Session info: chrome=59.0.3071.115)
  (Driver info: chromedriver=2.31.488763 (092de99f48a300323ecf8c2a4e2e7cab51de5ba8),platform=Windows NT 6.1.7601 SP1 x86_64) (WARNING: The server did not provide any stacktrace information)
Command duration or timeout: 10.07 seconds
For documentation on this error, please visit: http://seleniumhq.org/exceptions/no_such_element.html
Build info: version: &amp;apos;3.4.0&amp;apos;, revision: &amp;apos;unknown&amp;apos;, time: &amp;apos;unknown&amp;apos;
System info: host: &amp;apos;INHD0883&amp;apos;, ip: &amp;apos;192.168.131.120&amp;apos;, os.name: &amp;apos;Windows 7&amp;apos;, os.arch: &amp;apos;amd64&amp;apos;, os.version: &amp;apos;6.1&amp;apos;, java.version: &amp;apos;1.8.0_131&amp;apos;
Driver info: org.openqa.selenium.chrome.ChromeDriver
Capabilities [{applicationCacheEnabled=false, rotatable=false, mobileEmulationEnabled=false, networkConnectionEnabled=false, chrome={chromedriverVersion=2.31.488763 (092de99f48a300323ecf8c2a4e2e7cab51de5ba8), userDataDir=C:\Users\BHOOPE~1\AppData\Local\Temp\scoped_dir27380_30290}, takesHeapSnapshot=true, pageLoadStrategy=normal, databaseEnabled=false, handlesAlerts=true, hasTouchScreen=false, version=59.0.3071.115, platform=XP, browserConnectionEnabled=false, nativeEvents=true, acceptSslCerts=true, locationContextEnabled=true, webStorageEnabled=true, browserName=chrome, takesScreenshot=true, javascriptEnabled=true, cssSelectorsEnabled=true, setWindowRect=true, unexpectedAlertBehaviour=}]
Session ID: 419d55a77e63356254bdb98d3eaa0ff3
*** Element info: {Using=id, value=recallNo}">
      <![CDATA[org.openqa.selenium.NoSuchElementException: no such element: Unable to locate element: {"method":"id","selector":"recallNo"}
  (Session info: chrome=59.0.3071.115)
  (Driver info: chromedriver=2.31.488763 (092de99f48a300323ecf8c2a4e2e7cab51de5ba8),platform=Windows NT 6.1.7601 SP1 x86_64) (WARNING: The server did not provide any stacktrace information)
Command duration or timeout: 10.07 seconds
For documentation on this error, please visit: http://seleniumhq.org/exceptions/no_such_element.html
Build info: version: '3.4.0', revision: 'unknown', time: 'unknown'
System info: host: 'INHD0883', ip: '192.168.131.120', os.name: 'Windows 7', os.arch: 'amd64', os.version: '6.1', java.version: '1.8.0_131'
Driver info: org.openqa.selenium.chrome.ChromeDriver
Capabilities [{applicationCacheEnabled=false, rotatable=false, mobileEmulationEnabled=false, networkConnectionEnabled=false, chrome={chromedriverVersion=2.31.488763 (092de99f48a300323ecf8c2a4e2e7cab51de5ba8), userDataDir=C:\Users\BHOOPE~1\AppData\Local\Temp\scoped_dir27380_30290}, takesHeapSnapshot=true, pageLoadStrategy=normal, databaseEnabled=false, handlesAlerts=true, hasTouchScreen=false, version=59.0.3071.115, platform=XP, browserConnectionEnabled=false, nativeEvents=true, acceptSslCerts=true, locationContextEnabled=true, webStorageEnabled=true, browserName=chrome, takesScreenshot=true, javascriptEnabled=true, cssSelectorsEnabled=true, setWindowRect=true, unexpectedAlertBehaviour=}]
Session ID: 419d55a77e63356254bdb98d3eaa0ff3
*** Element info: {Using=id, value=recallNo}
	at org.openqa.selenium.remote.ErrorHandler.createThrowable(ErrorHandler.java:215)
	at org.openqa.selenium.remote.ErrorHandler.throwIfResponseFailed(ErrorHandler.java:167)
	at org.openqa.selenium.remote.RemoteWebDriver.execute(RemoteWebDriver.java:671)
	at org.openqa.selenium.remote.RemoteWebDriver.findElement(RemoteWebDriver.java:410)
	at org.openqa.selenium.remote.RemoteWebDriver.findElementById(RemoteWebDriver.java:453)
	at org.openqa.selenium.By$ById.findElement(By.java:218)
	at org.openqa.selenium.remote.RemoteWebDriver.findElement(RemoteWebDriver.java:402)
	at org.openqa.selenium.support.pagefactory.DefaultElementLocator.findElement(DefaultElementLocator.java:69)
	at org.openqa.selenium.support.pagefactory.internal.LocatingElementHandler.invoke(LocatingElementHandler.java:38)
	at com.sun.proxy.$Proxy10.getTagName(Unknown Source)
	at org.openqa.selenium.support.ui.Select.<init>(Select.java:44)
	at org.emdcs.partsordering.pageobject.MazdaSpecialRestrictedPartsOrdering.SelectselectRecalNo(MazdaSpecialRestrictedPartsOrdering.java:54)
	at org.emdcs.partsordering.module.MazdaSpecialRestrictedPartsOrderinModule.mazdaSpecialRestrictedPartsOrdering(MazdaSpecialRestrictedPartsOrderinModule.java:22)
	at org.emdcs.test.partsordering.MazdaSpecialRestrictedPartsOrderinTest.Verify_MazdaSpecialRestrictedPartsOrderin(MazdaSpecialRestrictedPartsOrderinTest.java:21)
	at com.sun.proxy.$Proxy0.invoke(Unknown Source)
... Removed 38 stack frames]]>
    </failure>
  </testcase> <!-- Verify_MazdaSpecialRestrictedPartsOrderin -->
  <testcase name="VerifyServiceandPartsSalesBankOrder" time="51.974" classname="org.emdcs.test.partsordering.ServiceandPartsSalesBankOrderingTest"/>
  <testcase name="VerifySSOpartsOrdering" time="0.0" classname="org.emdcs.test.partsordering.SSOOrderingTest">
    <skipped/>
  </testcase> <!-- VerifySSOpartsOrdering -->
  <testcase name="VerifyPartsReturnRequest" time="0.0" classname="org.emdcs.test.partsreturn.PartsReturnRequestTest">
    <skipped/>
  </testcase> <!-- VerifyPartsReturnRequest -->
  <testcase name="VerifySSOpartsinquiry" time="0.0" classname="org.emdcs.test.partsordering.SSOOrderingTest">
    <skipped/>
  </testcase> <!-- VerifySSOpartsinquiry -->
  <testcase name="VerifySSOPartsReset" time="0.0" classname="org.emdcs.test.partsordering.SSOOrderingTest">
    <skipped/>
  </testcase> <!-- VerifySSOPartsReset -->
  <testcase name="VerifyAddAdditionalParts" time="0.0" classname="org.emdcs.test.partsordering.SSOOrderingTest">
    <skipped/>
  </testcase> <!-- VerifyAddAdditionalParts -->
  <testcase name="VerifyCSOpartsOrdering" time="0.0" classname="org.emdcs.test.partsordering.CSOOrderingTest">
    <skipped/>
  </testcase> <!-- VerifyCSOpartsOrdering -->
  <testcase name="Verifypartsinquiry" time="0.0" classname="org.emdcs.test.partsordering.CSOOrderingTest">
    <skipped/>
  </testcase> <!-- Verifypartsinquiry -->
  <testcase name="VerifyCSOPartsReset" time="0.0" classname="org.emdcs.test.partsordering.CSOOrderingTest">
    <skipped/>
  </testcase> <!-- VerifyCSOPartsReset -->
  <testcase name="VerifyAddAdditionalParts" time="0.0" classname="org.emdcs.test.partsordering.CSOOrderingTest">
    <skipped/>
  </testcase> <!-- VerifyAddAdditionalParts -->
  <testcase name="@AfterSuite tearDown" time="0.0" classname="core.Launchbrowser">
    <ignored/>
  </testcase> <!-- @AfterSuite tearDown -->
  <testcase name="@AfterSuite tearDown" time="0.0" classname="core.Launchbrowser">
    <ignored/>
  </testcase> <!-- @AfterSuite tearDown -->
  <testcase name="@AfterSuite tearDown" time="0.0" classname="core.Launchbrowser">
    <ignored/>
  </testcase> <!-- @AfterSuite tearDown -->
  <testcase name="@AfterSuite tearDown" time="0.0" classname="core.Launchbrowser">
    <ignored/>
  </testcase> <!-- @AfterSuite tearDown -->
  <testcase name="@BeforeSuite setUp" time="0.0" classname="core.Launchbrowser">
    <ignored/>
  </testcase> <!-- @BeforeSuite setUp -->
  <testcase name="@BeforeSuite setUp" time="0.0" classname="core.Launchbrowser">
    <ignored/>
  </testcase> <!-- @BeforeSuite setUp -->
  <testcase name="@BeforeSuite setUp" time="0.0" classname="core.Launchbrowser">
    <ignored/>
  </testcase> <!-- @BeforeSuite setUp -->
  <testcase name="@BeforeSuite setUp" time="0.0" classname="core.Launchbrowser">
    <ignored/>
  </testcase> <!-- @BeforeSuite setUp -->
  <testcase name="@AfterTest exitbrowser" time="0.0" classname="core.Launchbrowser">
    <ignored/>
  </testcase> <!-- @AfterTest exitbrowser -->
  <testcase name="@AfterTest exitbrowser" time="0.0" classname="core.Launchbrowser">
    <ignored/>
  </testcase> <!-- @AfterTest exitbrowser -->
  <testcase name="@AfterTest exitbrowser" time="0.0" classname="core.Launchbrowser">
    <ignored/>
  </testcase> <!-- @AfterTest exitbrowser -->
  <testcase name="@AfterTest exitbrowser" time="0.0" classname="core.Launchbrowser">
    <ignored/>
  </testcase> <!-- @AfterTest exitbrowser -->
</testsuite> <!-- Command line test -->
