<?xml version="1.0" encoding="UTF-8"?>
<!-- Generated by org.testng.reporters.JUnitXMLReporter -->
<testsuite hostname="INHD0891" ignored="3" name="Test" tests="8" failures="2" timestamp="02 Jun 2017 10:40:08 GMT" time="233.368" errors="0">
  <testcase name="VerifySSOpartsOrdering" time="36.828" classname="Testcase.SSOOrderingTest"/>
  <testcase name="VerifySSOpartsinquiry" time="21.982" classname="Testcase.SSOOrderingTest">
    <failure type="junit.framework.ComparisonFailure" message="expected:&amp;lt;...&amp;gt; but was:&amp;lt;...1&amp;gt;">
      <![CDATA[junit.framework.ComparisonFailure: expected:<...> but was:<...1>
	at junit.framework.Assert.assertEquals(Assert.java:81)
	at junit.framework.Assert.assertEquals(Assert.java:87)
	at Testcase.SSOOrderingTest.VerifySSOpartsinquiry(SSOOrderingTest.java:78)
... Removed 25 stack frames]]>
    </failure>
  </testcase> <!-- VerifySSOpartsinquiry -->
  <testcase name="VerifySSOPartsReset" time="12.771" classname="Testcase.SSOOrderingTest"/>
  <testcase name="VerifyAddAdditionalParts" time="12.545" classname="Testcase.SSOOrderingTest"/>
  <testcase name="VerifyCSOpartsOrdering" time="33.298" classname="Testcase.CSOOrderingTest"/>
  <testcase name="Verifypartsinquiry" time="21.238" classname="Testcase.CSOOrderingTest">
    <failure type="junit.framework.ComparisonFailure" message="expected:&amp;lt;...&amp;gt; but was:&amp;lt;...1&amp;gt;">
      <![CDATA[junit.framework.ComparisonFailure: expected:<...> but was:<...1>
	at junit.framework.Assert.assertEquals(Assert.java:81)
	at junit.framework.Assert.assertEquals(Assert.java:87)
	at Testcase.CSOOrderingTest.Verifypartsinquiry(CSOOrderingTest.java:72)
... Removed 25 stack frames]]>
    </failure>
  </testcase> <!-- Verifypartsinquiry -->
  <testcase name="VerifyCSOPartsReset" time="17.726" classname="Testcase.CSOOrderingTest"/>
  <testcase name="VerifyAddAdditionalParts" time="18.031" classname="Testcase.CSOOrderingTest"/>
  <testcase name="@AfterSuite tearDown" time="0.0" classname="core.Launchbrowser">
    <ignored/>
  </testcase> <!-- @AfterSuite tearDown -->
  <testcase name="@BeforeSuite setUp" time="0.0" classname="core.Launchbrowser">
    <ignored/>
  </testcase> <!-- @BeforeSuite setUp -->
  <testcase name="@AfterTest exitbrowser" time="0.0" classname="core.Launchbrowser">
    <ignored/>
  </testcase> <!-- @AfterTest exitbrowser -->
</testsuite> <!-- Test -->
